// 重构日志: aea056ae
// 重构日志: 116e7347
// 同步 ID: 772e9766 @ Sun Jul  5 15:28:02 UTC 2026
// 重构日志: 878bbbb7
// 重构日志: 3b9248cf
// 重构日志: 0a2fc2e5
// 同步 ID: 6b59b0b0 @ Tue Jul  7 06:23:06 UTC 2026
// 重构日志: da68f0d1
// 重构日志: abe7dc19
// 同步 ID: 5856bbb3 @ Thu Jul  9 17:31:56 UTC 2026
// 重构日志: 9b8af7d2
// 重构日志: c04de02c
// 同步 ID: e590b9a1 @ Fri Jul 10 12:58:41 UTC 2026
// 重构日志: 2e262a2e
// 重构日志: c7e8b483
// 重构日志: d781d176
// 同步 ID: 08c47916 @ Mon Jul 13 09:25:14 UTC 2026
// 重构日志: 20aca1c4
// 重构日志: 11cc5878
// 重构日志: b1536b78
// 同步 ID: 4e52a041 @ Tue Jul 14 17:34:31 UTC 2026
// 重构日志: 31b8090f
// 同步 ID: 54c5884c @ Wed Jul 15 18:58:54 UTC 2026
// 同步 ID: 1d221aad @ Thu Jul 16 23:48:42 UTC 2026
// 同步 ID: 004d0ba9 @ Fri Jul 17 14:33:19 UTC 2026
// 重构日志: 3189fd6a
// 同步 ID: c018ee2d @ Fri Jul 17 20:06:55 UTC 2026
// 同步 ID: 50a678b5 @ Sat Jul 18 00:58:17 UTC 2026
// 重构日志: f1d59b48
// 同步 ID: ff7e26dd @ Sat Jul 18 14:04:25 UTC 2026
// 重构日志: 4fbd15f5
// 重构日志: c25fb3a4
